[www.thecleaningcompanyva.com/index.html]
[backblue.gif]
[fade.gif]
[index.html]
[images.squarespace-cdn.com/content/618712634cc9d14bd80427f3/1644543101495-AN2LAHSYQ0D6ZPLUTO73/charlottesville+house+cleaning+servicesee8a.jpg]
[assets.squarespace.com/@sqs/polyfiller/1.6/legacy.js]
[use.typekit.net/ik/sDcVYD4yujOt8cpG7nXTii6pgk6s1T5PYYFush8X6AMfeTSIfFHN4UJLFRbh52jhWDjU52SUwRjDFeFR5AbUFe4q52MXwRicwU77MkG0jAFu-WsoShFGZAsude80ZkoRdhXCHKoyjamTiY8Djhy8ZYmC-Ao1Oco8if37OcBDOcu8OfG0SaBuj]
[assets.squarespace.com/universal/scripts-compressed/extract-css-runtime-997c77e9abf4ed4b-min.en-US.js]
[assets.squarespace.com/@sqs/polyfiller/1.6/modern.js]
[assets.squarespace.com/universal/scripts-compressed/cldr-resource-pack-c5175d8ac6fd7505-min.en-US.js]
[assets.squarespace.com/universal/scripts-compressed/extract-css-moment-js-vendor-6f2a1f6ec9a41489-min.en-US.js]
[assets.squarespace.com/universal/scripts-compressed/performance-4f58ae13bc73934b-min.en-US.js]
[assets.squarespace.com/universal/scripts-compressed/common-vendors-stable-fbd854d40b0804b7-min.en-US.js]
[static1.squarespace.com/static/versioned-site-css/618712634cc9d14bd80427f3/134/5c5a519771c10ba3470d8101/618712644cc9d14bd804280d/1675/site.css]
[assets.squarespace.com/universal/scripts-compressed/common-vendors-0d4336b4fc25cbfe-min.en-US.js]
[definitions.sqspcdn.com/website-component-definition/static-assets/website.components.map/72e23f0f-d270-4459-aac5-f1f559d9ef18_221/website.components.map.visitor.js]
[definitions.sqspcdn.com/website-component-definition/static-assets/website.components.spacer/07acab66-37ed-4b60-afc5-02c23d19ec37_158/website.components.spacer.visitor.js]
[images.squarespace-cdn.com/content/v1/618712634cc9d14bd80427f3/124df19e-483d-4367-8371-3ea0d3cd7e88/logo@2x26f7.png]
[static1.squarespace.com/static/vta/5c5a519771c10ba3470d8101/versioned-assets/1756491396509-D2UZE2AXRVVCI6BWFU1I/static.css]
[www.thecleaningcompanyva.com/cart.html]
[www.thecleaningcompanyva.com/cleaning-services.html]
[www.thecleaningcompanyva.com/about.html]
[www.thecleaningcompanyva.com/faq.html]
[www.thecleaningcompanyva.com/cleaning-client-results.html]
[www.thecleaningcompanyva.com/gift-cards.html]
[www.thecleaningcompanyva.com/contact.html]
[images.squarespace-cdn.com/content/v1/618712634cc9d14bd80427f3/f2f01806-d7d3-4b3b-9db1-cfad69341ecd/Cleaning-supplies.jpg]
[images.squarespace-cdn.com/content/v1/618712634cc9d14bd80427f3/f41ef1c7-6e4f-4fed-a73e-5eee70bd50ce/clean+bedroom.jpg]
[www.thecleaningcompanyva.com/cleaning-services/index.html]
[images.squarespace-cdn.com/content/v1/618712634cc9d14bd80427f3/bafd4986-a991-41e2-bf55-ca230d956d7d/clean+office.jpg]
[images.squarespace-cdn.com/content/v1/618712634cc9d14bd80427f3/b661388c-516a-42b9-9a09-bb06604f3601/move+out.png]
[images.squarespace-cdn.com/content/v1/618712634cc9d14bd80427f3/98c83b9c-26ee-4696-9e62-5513a2879c01/arrow.png]
[images.squarespace-cdn.com/content/v1/618712634cc9d14bd80427f3/6ef47dc5-e1a4-448a-93c7-a4e25ca5dac4/7-test+banner@2x.jpg]
[images.squarespace-cdn.com/content/v1/618712634cc9d14bd80427f3/c021e889-a9b9-476e-8a79-baf75ff4afb2/defne.jpg]
[images.squarespace-cdn.com/content/v1/618712634cc9d14bd80427f3/6de26bc3-e81a-42ec-a256-8e7c5f2382a1/clean+kitchen.jpg]
[www.thecleaningcompanyva.com/about/index.html]
[www.thecleaningcompanyva.com/jobs.html]
[www.thecleaningcompanyva.com/index-2.html]
[www.thecleaningcompanyva.com/index.html]
[static1.squarespace.com/static/vta/5c5a519771c10ba3470d8101/scripts/site-bundle.5ca0760c857d4d1f0a0219dcf447e03d.js]
[assets.squarespace.com/universal/scripts-compressed/common-95f64a4961b48d53-min.en-US.js]
[assets.squarespace.com/universal/images-v6/damask/error-dark.png]
[assets.squarespace.com/universal/images-v6/damask/error-dark@2x.png]
[assets.squarespace.com/universal/images-v6/damask/play-button.png]
[assets.squarespace.com/universal/images-v6/damask/play-button@2x.png]
[assets.squarespace.com/universal/images-v6/damask/edit-aviary-light.png]
[assets.squarespace.com/universal/images-v6/damask/edit-aviary-light@2x.png]
[assets.squarespace.com/universal/images-v6/damask/edit-info-light.png]
[assets.squarespace.com/universal/images-v6/damask/edit-info-light@2x.png]
[assets.squarespace.com/universal/images-v6/damask/trash-9-light.png]
[assets.squarespace.com/universal/images-v6/damask/trash-9-light@2x.png]
[assets.squarespace.com/universal/images-v6/damask/trash-9-red.png]
[assets.squarespace.com/universal/images-v6/damask/trash-9-red@2x.png]
[assets.squarespace.com/universal/images-v6/damask/getty-16-light.png]
[assets.squarespace.com/universal/images-v6/damask/getty-32-light.png]
[assets.squarespace.com/universal/images-v6/damask/shopping-cart-16-light.png]
[assets.squarespace.com/universal/images-v6/damask/shopping-cart-32-light.png]
[assets.squarespace.com/universal/images-v6/icons/block-indicator-dark.png]
[assets.squarespace.com/universal/images-v6/icons/block-indicator-dark@2x.png]
[assets.squarespace.com/universal/images-v6/icons/opentable-icons.png]
[assets.squarespace.com/universal/images-v6/icons/icon-searchqueries-20-dark.png]
[assets.squarespace.com/universal/images-v6/icons/icon-searchqueries-20-light.png]
[assets.squarespace.com/universal/images-v6/icons/icon-video-24-light-solid.png]
[assets.squarespace.com/universal/images-v6/standard/icon_close_7_light.png]
[assets.squarespace.com/universal/images-v6/icons/icon-settings-16-light.png]
[static1.squarespace.com/static/versioned-site-css/618712634cc9d14bd80427f3/134/5c5a519771c10ba3470d8101/618712644cc9d14bd804280d/1675/site.css]
[www.googletagmanager.com/gtm5445.html]
[definitions.sqspcdn.com/website-component-definition/static-assets/website.components.spacer/07acab66-37ed-4b60-afc5-02c23d19ec37_158/website.components.spacer.styles.css]
[static1.squarespace.com/static/vta/5c5a519771c10ba3470d8101/versioned-assets/1756491396509-D2UZE2AXRVVCI6BWFU1I/static.css]
[assets.squarespace.com/universal/scripts-compressed/extract-css-runtime-c5df17f949222c24-min.en-US.js]
[www.thecleaningcompanyva.com/cart.html]
[images.squarespace-cdn.com/content/618712634cc9d14bd80427f3/7be020ea-de63-4c46-bbe4-15979cafa544/AdobeStock_28436766843a3.jpg]
[images.squarespace-cdn.com/content/v1/618712634cc9d14bd80427f3/49c09a7b-db5f-4d3d-bf8f-6834d807d348/cleaning-services.jpg]
[images.squarespace-cdn.com/content/v1/618712634cc9d14bd80427f3/f58239a5-9641-4ce6-8b8d-afd404d33ddd/living-room-cleaning.jpg]
[assets.squarespace.com/universal/scripts-compressed/extract-css-runtime-6929259273f7b6c4-min.en-US.js]
[images.squarespace-cdn.com/content/v1/618712634cc9d14bd80427f3/43f6a8de-b629-413a-a2c7-bf821016bd17/3-test+banner.jpg]
[images.squarespace-cdn.com/content/v1/618712634cc9d14bd80427f3/a132c846-8834-4eb8-83b9-04e83bd41ffb/move+out+cleaning.png]
[images.squarespace-cdn.com/content/v1/618712634cc9d14bd80427f3/9f5925f2-1c33-4ded-b543-540e1df8e462/5-test+banner.jpg]
[images.squarespace-cdn.com/content/v1/618712634cc9d14bd80427f3/cb5923fb-4c9f-4b1c-82fd-8e6f90530c02/clean+office+building.jpg]
[images.squarespace-cdn.com/content/v1/618712634cc9d14bd80427f3/9e9af99a-0171-48d4-bebd-2710c28be150/7-test+banner.jpg]
[images.squarespace-cdn.com/content/v1/618712634cc9d14bd80427f3/dfaf3cf8-d547-49e0-a387-fd84dc08faf0/8-cta+banner.jpg]
[www.thecleaningcompanyva.com/cleaning-services.html]
[images.squarespace-cdn.com/content/v1/618712634cc9d14bd80427f3/d5837714-782c-46cb-8c31-1c19d1b613b3/cleaning+team.jpg]
[images.squarespace-cdn.com/content/v1/618712634cc9d14bd80427f3/fe9a7fe9-7ce1-4af3-8bfd-b3a5ef8dc6de/2+-+furry+friends+banner.jpg]
[images.squarespace-cdn.com/content/v1/618712634cc9d14bd80427f3/9bd8d2a2-dd3f-4892-8f6a-75e6368d7e68/defne.jpg]
[images.squarespace-cdn.com/content/v1/618712634cc9d14bd80427f3/8bdf790d-90b9-4540-91bf-990a26696275/3.5+banner.jpg]
[images.squarespace-cdn.com/content/v1/618712634cc9d14bd80427f3/fef22685-652d-43da-8fca-9cb0328fadd0/4+-+Kind+words+banner.jpg]
[www.thecleaningcompanyva.com/about.html]
[images.squarespace-cdn.com/content/v1/618712634cc9d14bd80427f3/306455da-a843-454d-bc34-c64e683d65fc/deep+cleaning.jpg]
[www.thecleaningcompanyva.com/faq.html]
[images.squarespace-cdn.com/content/v1/618712634cc9d14bd80427f3/24411a28-340b-47be-a1bc-4a807835adec/gift+card.jpg]
[www.thecleaningcompanyva.com/gift-cards.html]
[www.thecleaningcompanyva.com/cleaning-client-resultsa409]
[images.squarespace-cdn.com/content/v1/618712634cc9d14bd80427f3/a7ae4df4-0e77-4a07-a4c2-7959eaa0decb/cleaning-before-after.jpg]
[www.thecleaningcompanyva.com/cleaning-client-results/stove-cleaning-nnha8.html]
[images.squarespace-cdn.com/content/v1/618712634cc9d14bd80427f3/581d2a36-1c8a-47f0-9b0c-c96bab286726/before+after-1.jpg]
[images.squarespace-cdn.com/content/v1/618712634cc9d14bd80427f3/0ce77ad1-8f54-46e1-9b23-f24e21a79284/before+after-2.jpg]
[www.thecleaningcompanyva.com/cleaning-client-results/shower-cleaning-wdc73-hg7lt.html]
[images.squarespace-cdn.com/content/v1/618712634cc9d14bd80427f3/16bb57e1-6a7d-41a3-b2a1-e7bf459ead0e/before+after-5.jpg]
[images.squarespace-cdn.com/content/v1/618712634cc9d14bd80427f3/a2a70bcb-bf51-4353-943f-627a5f2599b8/before+after-6.jpg]
[images.squarespace-cdn.com/content/v1/618712634cc9d14bd80427f3/73d6e964-d315-429c-b0e9-1ebf3ca166b2/before+after-7.jpg]
[www.thecleaningcompanyva.com/cleaning-client-results/shower-cleaning-y2pzs.html]
[images.squarespace-cdn.com/content/v1/618712634cc9d14bd80427f3/d5a02b9d-96aa-4f31-a466-66f52e78b366/before+after-8.jpg]
[images.squarespace-cdn.com/content/v1/618712634cc9d14bd80427f3/8f7aaaf5-395a-4bbe-ab70-14c68ecdfdba/before+after-9.jpg]
[images.squarespace-cdn.com/content/v1/618712634cc9d14bd80427f3/59003a7d-a3dc-496a-b148-f5f82f603fc3/before+after-10.jpg]
[www.thecleaningcompanyva.com/cleaning-client-results/shower-cleaning-wdc73.html]
[images.squarespace-cdn.com/content/v1/618712634cc9d14bd80427f3/e8621c8a-1f50-41d7-9234-4ad31a2706d7/before+after-11.jpg]
[images.squarespace-cdn.com/content/v1/618712634cc9d14bd80427f3/a9d660a5-d39a-45d4-9869-5ab6c8bed02a/before+after-12.jpg]
[images.squarespace-cdn.com/content/v1/618712634cc9d14bd80427f3/b3ee6f60-27d7-4984-840b-f65c72ae4695/before+after-13.jpg]
[images.squarespace-cdn.com/content/v1/618712634cc9d14bd80427f3/c79d8fa9-6b70-46f1-8a80-531ce09ef5e6/before+after-14.jpg]
[www.thecleaningcompanyva.com/cleaning-client-results/stove-cleaning.html]
[images.squarespace-cdn.com/content/v1/618712634cc9d14bd80427f3/a00b2719-1fe1-48ae-94ac-f008510d092e/before+after-15.jpg]
[images.squarespace-cdn.com/content/v1/618712634cc9d14bd80427f3/044bfdfb-0a05-45d6-a43a-77b7775fb40d/before+after-16.jpg]
[www.thecleaningcompanyva.com/cleaning-client-results/shower-cleaning.html]
[images.squarespace-cdn.com/content/v1/618712634cc9d14bd80427f3/a4adb5e5-98f3-491d-aba9-82efdfe19681/before+after-17.jpg]
[images.squarespace-cdn.com/content/v1/618712634cc9d14bd80427f3/92557e18-f3c5-488f-a57a-683133690814/before+after-18.jpg]
[images.squarespace-cdn.com/content/v1/618712634cc9d14bd80427f3/fb4f1985-3a74-4782-adc1-fcc4055d6714/before+after-19.jpg]
[www.thecleaningcompanyva.com/cleaning-client-results.html]
[images.squarespace-cdn.com/content/v1/618712634cc9d14bd80427f3/691df1cb-1c9a-48d3-a860-6b5e6970c513/clean+space.jpg]
[www.thecleaningcompanyva.com/contact.html]
[www.thecleaningcompanyva.com/cleaning-services/index.html]
[www.thecleaningcompanyva.com/about/index.html]
[www.thecleaningcompanyva.com/jobs.html]
[assets.squarespace.com/universal/scripts-compressed/extract-css-runtime-eb07efa6943fa53b-min.en-US.js]
[www.thecleaningcompanyva.com/index-2.html]
[www.thecleaningcompanyva.com/home.html]
[images.squarespace-cdn.com/content/618712634cc9d14bd80427f3/581d2a36-1c8a-47f0-9b0c-c96bab286726/before+after-143a3.jpg]
[www.thecleaningcompanyva.com/cleaning-client-results/stove-cleaning-nnha8.html]
[www.thecleaningcompanyva.com/cleaning-client-resultsf349.html]
[images.squarespace-cdn.com/content/618712634cc9d14bd80427f3/16bb57e1-6a7d-41a3-b2a1-e7bf459ead0e/before+after-543a3.jpg]
[www.thecleaningcompanyva.com/cleaning-client-results/shower-cleaning-wdc73-hg7lt.html]
[images.squarespace-cdn.com/content/618712634cc9d14bd80427f3/d5a02b9d-96aa-4f31-a466-66f52e78b366/before+after-843a3.jpg]
[www.thecleaningcompanyva.com/cleaning-client-results/shower-cleaning-y2pzs.html]
[images.squarespace-cdn.com/content/618712634cc9d14bd80427f3/e8621c8a-1f50-41d7-9234-4ad31a2706d7/before+after-1143a3.jpg]
[www.thecleaningcompanyva.com/cleaning-client-results/shower-cleaning-wdc73.html]
[images.squarespace-cdn.com/content/618712634cc9d14bd80427f3/a00b2719-1fe1-48ae-94ac-f008510d092e/before+after-1543a3.jpg]
[www.thecleaningcompanyva.com/cleaning-client-results/stove-cleaning.html]
[images.squarespace-cdn.com/content/618712634cc9d14bd80427f3/a4adb5e5-98f3-491d-aba9-82efdfe19681/before+after-1743a3.jpg]
[www.thecleaningcompanyva.com/cleaning-client-results/shower-cleaning.html]
[www.thecleaningcompanyva.com/home.html]
[www.thecleaningcompanyva.com/cleaning-client-resultsf349.html]
